{"/Users/warengamaina/Documents/D0/inverted-index/jasmine/spec/inverted-index-test_spec.js":{"path":"/Users/warengamaina/Documents/D0/inverted-index/jasmine/spec/inverted-index-test_spec.js","s":{"1":1,"2":1,"3":1,"4":1,"5":0,"6":0,"7":0,"8":0,"9":0,"10":0,"11":0,"12":0,"13":0,"14":0,"15":0,"16":0,"17":0,"18":0,"19":0,"20":0,"21":0,"22":0,"23":0,"24":0,"25":0,"26":0},"b":{},"f":{},"fnMap":{},"statementMap":{"1":{"start":{"line":7,"column":0},"end":{"line":7,"column":75}},"2":{"start":{"line":10,"column":0},"end":{"line":10,"column":33}},"3":{"start":{"line":11,"column":0},"end":{"line":11,"column":31}},"4":{"start":{"line":13,"column":0},"end":{"line":18,"column":3}},"5":{"start":{"line":14,"column":2},"end":{"line":14,"column":30}},"6":{"start":{"line":15,"column":2},"end":{"line":15,"column":36}},"7":{"start":{"line":16,"column":2},"end":{"line":16,"column":27}},"8":{"start":{"line":17,"column":2},"end":{"line":17,"column":32}},"9":{"start":{"line":20,"column":0},"end":{"line":31,"column":3}},"10":{"start":{"line":23,"column":2},"end":{"line":25,"column":5}},"11":{"start":{"line":24,"column":4},"end":{"line":24,"column":45}},"12":{"start":{"line":28,"column":2},"end":{"line":30,"column":5}},"13":{"start":{"line":29,"column":4},"end":{"line":29,"column":38}},"14":{"start":{"line":33,"column":0},"end":{"line":38,"column":3}},"15":{"start":{"line":35,"column":2},"end":{"line":37,"column":5}},"16":{"start":{"line":36,"column":4},"end":{"line":36,"column":45}},"17":{"start":{"line":40,"column":0},"end":{"line":66,"column":3}},"18":{"start":{"line":42,"column":2},"end":{"line":45,"column":5}},"19":{"start":{"line":43,"column":4},"end":{"line":43,"column":82}},"20":{"start":{"line":44,"column":4},"end":{"line":44,"column":90}},"21":{"start":{"line":48,"column":2},"end":{"line":51,"column":5}},"22":{"start":{"line":49,"column":4},"end":{"line":50,"column":77}},"23":{"start":{"line":54,"column":2},"end":{"line":57,"column":5}},"24":{"start":{"line":55,"column":4},"end":{"line":56,"column":43}},"25":{"start":{"line":61,"column":2},"end":{"line":64,"column":5}},"26":{"start":{"line":62,"column":4},"end":{"line":63,"column":83}}},"branchMap":{}}}